<?xml version="1.0" encoding="UTF-8"?>
<!-- Generated by org.testng.reporters.JUnitReportReporter -->
<testsuite hostname="DELL" failures="0" tests="1" name="wwcsv.ChapterToolsProject.AppTest" time="0.027" errors="0" timestamp="2022-04-06T16:19:49 GMT-07:00" skipped="0">
  <testcase classname="wwcsv.ChapterToolsProject.AppTest" name="shouldAnswerWithTrue" time="0.027"/>
  <system-out/>
</testsuite> <!-- wwcsv.ChapterToolsProject.AppTest -->
